#
# A fatal error has been detected by the Java Runtime Environment:
#
#  EXCEPTION_UNCAUGHT_CXX_EXCEPTION (0xe06d7363) at pc=0x00007fff9b553b19, pid=82552, tid=56192
#
# JRE version: OpenJDK Runtime Environment Zulu11.43+55-CA (11.0.9.1+1) (build 11.0.9.1+1-LTS)
# Java VM: OpenJDK 64-Bit Server VM Zulu11.43+55-CA (11.0.9.1+1-LTS, mixed mode, tiered, compressed oops, g1 gc, windows-amd64)
# Problematic frame:
# C  [KERNELBASE.dll+0x43b19]
#
# No core dump will be written. Minidumps are not enabled by default on client versions of Windows
#
# If you would like to submit a bug report, please visit:
#   http://www.azulsystems.com/support/
# The crash happened outside the Java Virtual Machine in native code.
# See problematic frame for where to report the bug.
#

---------------  S U M M A R Y ------------

Command Line: 

Host: Intel(R) Core(TM) i7-8850H CPU @ 2.60GHz, 12 cores, 47G,  Windows 10 , 64 bit Build 18362 (10.0.18362.1500)
Time: Thu May 13 13:47:33 2021 W. Europe Daylight Time elapsed time: 2439.260808 seconds (0d 0h 40m 39s)

---------------  T H R E A D  ---------------

Current thread (0x0000013500302800):  JavaThread "main" [_thread_in_native, id=56192, stack(0x000000245a400000,0x000000245a5f0000)]

Stack: [0x000000245a400000,0x000000245a5f0000],  sp=0x000000245a5dcec0,  free space=1907k
Native frames: (J=compiled Java code, j=interpreted, Vv=VM code, C=native code)
C  [KERNELBASE.dll+0x43b19]
C  [VCRUNTIME140.dll+0x6220]
C  0x00007fff288f4a17
C  0x00007fff288fd3c3
C  0x00007fff288f2585
C  0x0000013509f7ef97

Java frames: (J=compiled Java code, j=interpreted, Vv=VM code)
j  org.jpype.manager.TypeFactoryNative.newWrapper(JJ)V+0
j  org.jpype.JPypeContext.newWrapper(J)V+16
v  ~StubRoutines::call_stub

siginfo: EXCEPTION_UNCAUGHT_CXX_EXCEPTION (0xe06d7363), ExceptionInformation=0x0000000019930520 0x000000245a5dd080 0x00007fff2893e7d0 0x00007fff288c0000 


Register to memory mapping:

RIP=0x00007fff9b553b19 KERNELBASE.dll
RAX=0x000000245a5dc850 is pointing into the stack for thread: 0x0000013500302800
RBX=0x00007fff2893e7d0 points into unknown readable memory: 00 00 00 00 80 fd 01 00
RCX=0x000001357b38b900 points into unknown readable memory: 10 00 00 00 00 00 00 00
RDX=0x00007ffefce6d19d points into unknown readable memory: 48 81 c4
RSP=0x000000245a5dcec0 is pointing into the stack for thread: 0x0000013500302800
RBP=0x000000245a5dd179 is pointing into the stack for thread: 0x0000013500302800
RSI=0x000000245a5dd080 is pointing into the stack for thread: 0x0000013500302800
RDI=0x0000000019930520 is an unknown value
R8 =0x00007ffefcdf695a points into unknown readable memory: 83 7b 14 00 7d 07
R9 =0x00000000001d0006 is an unknown value
R10=0x00007ffefc970a5f points into unknown readable memory: 48
R11=0x000058ea2a5ff83e is an unknown value
R12=0x000000245a5dd208 is pointing into the stack for thread: 0x0000013500302800
R13=0x000001353a0d83c0 points into unknown readable memory: 98 3e 92 28 ff 7f 00 00
R14=0x00000135797c5610 points into unknown readable memory: b0 44 92 28 ff 7f 00 00
R15=0x0000013500302800 is a thread


Registers:
RAX=0x000000245a5dc850, RBX=0x00007fff2893e7d0, RCX=0x000001357b38b900, RDX=0x00007ffefce6d19d
RSP=0x000000245a5dcec0, RBP=0x000000245a5dd179, RSI=0x000000245a5dd080, RDI=0x0000000019930520
R8 =0x00007ffefcdf695a, R9 =0x00000000001d0006, R10=0x00007ffefc970a5f, R11=0x000058ea2a5ff83e
R12=0x000000245a5dd208, R13=0x000001353a0d83c0, R14=0x00000135797c5610, R15=0x0000013500302800
RIP=0x00007fff9b553b19, EFLAGS=0x0000000000000206

Top of Stack: (sp=0x000000245a5dcec0)
0x000000245a5dcec0:   000000245a5dd230 00007fff2893e7d0
0x000000245a5dced0:   000000245a5dd080 0000000000000001
0x000000245a5dcee0:   00000001e06d7363 0000000000000000
0x000000245a5dcef0:   00007fff9b553b19 0000002400000004
0x000000245a5dcf00:   0000000019930520 000000245a5dd080
0x000000245a5dcf10:   00007fff2893e7d0 00007fff288c0000
0x000000245a5dcf20:   000001353a0d83c0 000000245a5dd208
0x000000245a5dcf30:   000000245a5dd080 000000245a5dd179
0x000000245a5dcf40:   000000245a5dcfc0 00007fff9d99f41f
0x000000245a5dcf50:   0000000019930520 0000013500000000
0x000000245a5dcf60:   0000000000000000 00007fff288c9174
0x000000245a5dcf70:   00007fff28946000 00007fff288c0000
0x000000245a5dcf80:   000069f30f1b6fd6 00007ffefc8301a9
0x000000245a5dcf90:   00007fff2893e7d0 00007fff91496220
0x000000245a5dcfa0:   000000245a5dd040 000000245a5dd179
0x000000245a5dcfb0:   000000245a5dd140 00007fff288dfd23 

Instructions: (pc=0x00007fff9b553b19)
0x00007fff9b553a19:   fe ff ff 4c 8d 05 65 d9 1f 00 33 d2 8d 4a 02 e8
0x00007fff9b553a29:   83 2f 01 00 48 8b f8 48 89 44 24 58 e9 ef fd ff
0x00007fff9b553a39:   ff 45 33 c0 49 8b d7 48 83 c9 ff e8 77 64 02 00
0x00007fff9b553a49:   e9 09 ff ff ff 48 8b 0d e3 9c 22 00 e8 06 f2 ff
0x00007fff9b553a59:   ff 48 8b cf e8 4e a2 fe ff e9 f9 fe ff ff 49 8b
0x00007fff9b553a69:   ce e8 41 a2 fe ff e9 f5 fe ff ff 48 8b ce e8 34
0x00007fff9b553a79:   a2 fe ff e9 f1 fe ff ff cc cc cc cc cc cc cc cc
0x00007fff9b553a89:   cc cc cc cc cc cc cc 65 48 8b 04 25 30 00 00 00
0x00007fff9b553a99:   8b 40 68 c3 cc cc cc cc cc cc cc cc cc cc cc cc
0x00007fff9b553aa9:   cc cc cc cc cc cc cc 48 81 ec d8 00 00 00 48 8b
0x00007fff9b553ab9:   05 72 73 22 00 48 33 c4 48 89 84 24 c0 00 00 00
0x00007fff9b553ac9:   48 83 64 24 28 00 48 8d 05 da ff ff ff 83 e2 01
0x00007fff9b553ad9:   89 4c 24 20 89 54 24 24 48 89 44 24 30 4d 85 c9
0x00007fff9b553ae9:   74 4b b8 0f 00 00 00 48 8d 4c 24 40 44 3b c0 49
0x00007fff9b553af9:   8b d1 44 0f 47 c0 44 89 44 24 38 49 c1 e0 03 e8
0x00007fff9b553b09:   6a d1 04 00 48 8d 4c 24 20 48 ff 15 0f 45 16 00
0x00007fff9b553b19:   0f 1f 44 00 00 48 8b 8c 24 c0 00 00 00 48 33 cc
0x00007fff9b553b29:   e8 82 5e 04 00 48 81 c4 d8 00 00 00 c3 83 64 24
0x00007fff9b553b39:   38 00 eb d0 cc cc cc cc cc cc cc 48 89 5c 24 08
0x00007fff9b553b49:   48 89 74 24 10 57 48 83 ec 20 8b da 48 8b f9 e8
0x00007fff9b553b59:   f3 d6 ff ff 33 f6 85 c0 0f 84 49 2f 06 00 85 db
0x00007fff9b553b69:   0f 84 41 2f 06 00 44 8d 4e 02 ba 09 10 00 20 4c
0x00007fff9b553b79:   8d 44 24 40 48 8b cf e8 7b b5 ff ff 85 c0 0f 84
0x00007fff9b553b89:   23 2f 06 00 39 5c 24 40 0f 85 19 2f 06 00 0f b7
0x00007fff9b553b99:   c3 48 8b 5c 24 30 48 8b 74 24 38 48 83 c4 20 5f
0x00007fff9b553ba9:   c3 cc cc cc cc cc cc 48 89 5c 24 08 48 89 74 24
0x00007fff9b553bb9:   10 57 48 83 ec 40 48 8b c2 48 8b f1 48 8b c8 33
0x00007fff9b553bc9:   d2 49 8b d9 41 8b f8 e8 5b 6c ff ff 48 8b d0 48
0x00007fff9b553bd9:   85 db 0f 85 03 2f 06 00 48 8b 44 24 78 44 8b c7
0x00007fff9b553be9:   44 8b 4c 24 70 48 8b ce 48 89 44 24 38 8d 43 01
0x00007fff9b553bf9:   89 44 24 30 89 44 24 28 89 44 24 20 e8 16 00 00
0x00007fff9b553c09:   00 48 8b 5c 24 50 48 8b 74 24 58 48 83 c4 40 5f 


Stack slot to memory mapping:
stack at sp + 0 slots: 0x000000245a5dd230 is pointing into the stack for thread: 0x0000013500302800
stack at sp + 1 slots: 0x00007fff2893e7d0 points into unknown readable memory: 00 00 00 00 80 fd 01 00
stack at sp + 2 slots: 0x000000245a5dd080 is pointing into the stack for thread: 0x0000013500302800
stack at sp + 3 slots: 0x0000000000000001 is an unknown value
stack at sp + 4 slots: 0x00000001e06d7363 is an unknown value
stack at sp + 5 slots: 0x0 is NULL
stack at sp + 6 slots: 0x00007fff9b553b19 KERNELBASE.dll
stack at sp + 7 slots: 0x0000002400000004 is an unknown value


---------------  P R O C E S S  ---------------

Threads class SMR info:
_java_thread_list=0x000001353a48e880, length=16, elements={
0x0000013500302800, 0x00000135002fd800, 0x0000013500304000, 0x0000013500306000,
0x0000013500301000, 0x0000013500305000, 0x0000013500306800, 0x0000013500307800,
0x0000013500302000, 0x0000013500308800, 0x0000013500309000, 0x000001353a645000,
0x000001353a646000, 0x000001353a647000, 0x000001353a647800, 0x000001353a644800
}

Java Threads: ( => current thread )
=>0x0000013500302800 JavaThread "main" [_thread_in_native, id=56192, stack(0x000000245a400000,0x000000245a5f0000)]
  0x00000135002fd800 JavaThread "Reference Handler" daemon [_thread_blocked, id=69644, stack(0x000000245d4f0000,0x000000245d6e0000)]
  0x0000013500304000 JavaThread "Finalizer" daemon [_thread_blocked, id=38080, stack(0x000000245d6e0000,0x000000245d8d0000)]
  0x0000013500306000 JavaThread "Signal Dispatcher" daemon [_thread_blocked, id=39140, stack(0x000000245d8d0000,0x000000245dac0000)]
  0x0000013500301000 JavaThread "Attach Listener" daemon [_thread_blocked, id=83904, stack(0x000000245dac0000,0x000000245dcb0000)]
  0x0000013500305000 JavaThread "C2 CompilerThread0" daemon [_thread_blocked, id=60792, stack(0x000000245dcb0000,0x000000245dea0000)]
  0x0000013500306800 JavaThread "C1 CompilerThread0" daemon [_thread_blocked, id=86348, stack(0x000000245dea0000,0x000000245e090000)]
  0x0000013500307800 JavaThread "Sweeper thread" daemon [_thread_blocked, id=68252, stack(0x000000245e090000,0x000000245e280000)]
  0x0000013500302000 JavaThread "Service Thread" daemon [_thread_blocked, id=83224, stack(0x000000245e280000,0x000000245e470000)]
  0x0000013500308800 JavaThread "Common-Cleaner" daemon [_thread_blocked, id=80576, stack(0x000000245e660000,0x000000245e850000)]
  0x0000013500309000 JavaThread "Python Reference Queue" daemon [_thread_blocked, id=78788, stack(0x000000245e850000,0x000000245ea40000)]
  0x000001353a645000 JavaThread "HikariPool-2 housekeeper" daemon [_thread_blocked, id=80824, stack(0x000000245fbb0000,0x000000245fda0000)]
  0x000001353a646000 JavaThread "HikariPool-4 housekeeper" daemon [_thread_blocked, id=85652, stack(0x000000245ff90000,0x0000002460180000)]
  0x000001353a647000 JavaThread "HikariPool-4 connection adder" daemon [_thread_blocked, id=87904, stack(0x000000245cd30000,0x000000245cf20000)]
  0x000001353a647800 JavaThread "HSQLDB Timer @5c7bfdc1" daemon [_thread_blocked, id=45068, stack(0x000000245fda0000,0x000000245ff90000)]
  0x000001353a644800 JavaThread "HikariPool-4 connection closer" daemon [_thread_blocked, id=87756, stack(0x0000002460180000,0x0000002460370000)]

Other Threads:
  0x000001353981e800 VMThread "VM Thread" [stack: 0x000000245d300000,0x000000245d4f0000] [id=69476]
  0x00000135397da800 WatcherThread [stack: 0x000000245e470000,0x000000245e660000] [id=71492]
  0x0000013574670000 GCTaskThread "GC Thread#0" [stack: 0x000000245a5f0000,0x000000245a7e0000] [id=71108]
  0x0000013539f20800 GCTaskThread "GC Thread#1" [stack: 0x000000245ea40000,0x000000245ec30000] [id=79528]
  0x0000013539f4d800 GCTaskThread "GC Thread#2" [stack: 0x000000245ec30000,0x000000245ee20000] [id=73188]
  0x0000013539f50000 GCTaskThread "GC Thread#3" [stack: 0x000000245ee20000,0x000000245f010000] [id=83728]
  0x0000013539eba800 GCTaskThread "GC Thread#4" [stack: 0x000000245f010000,0x000000245f200000] [id=35472]
  0x0000013539ebc800 GCTaskThread "GC Thread#5" [stack: 0x000000245f200000,0x000000245f3f0000] [id=80968]
  0x0000013539ebe000 GCTaskThread "GC Thread#6" [stack: 0x000000245f3f0000,0x000000245f5e0000] [id=85824]
  0x0000013539ec0000 GCTaskThread "GC Thread#7" [stack: 0x000000245f5e0000,0x000000245f7d0000] [id=68040]
  0x000001350022d000 GCTaskThread "GC Thread#8" [stack: 0x000000245f7d0000,0x000000245f9c0000] [id=73144]
  0x000001350022b800 GCTaskThread "GC Thread#9" [stack: 0x000000245f9c0000,0x000000245fbb0000] [id=80372]
  0x000001350022f000 ConcurrentGCThread "G1 Main Marker" [stack: 0x000000245a7e0000,0x000000245a9d0000] [id=85356]
  0x0000013500cec000 ConcurrentGCThread "G1 Conc#0" [stack: 0x000000245a9d0000,0x000000245abc0000] [id=73816]
  0x000001350022c000 ConcurrentGCThread "G1 Conc#1" [stack: 0x000000245b3c0000,0x000000245b5b0000] [id=87480]
  0x0000013500230000 ConcurrentGCThread "G1 Conc#2" [stack: 0x000000245cb40000,0x000000245cd30000] [id=87088]
  0x0000013500f0c800 ConcurrentGCThread "G1 Refine#0" [stack: 0x000000245cf20000,0x000000245d110000] [id=54660]
  0x0000013500f0d000 ConcurrentGCThread "G1 Young RemSet Sampling" [stack: 0x000000245d110000,0x000000245d300000] [id=73940]

Threads with active compile tasks:

VM state:not at safepoint (normal execution)

VM Mutex/Monitor currently owned by a thread: None

Heap address: 0x0000000502600000, size: 12250 MB, Compressed Oops mode: Zero based, Oop shift amount: 3
Narrow klass base: 0x0000000800000000, Narrow klass shift: 0
Compressed class space size: 1073741824 Address: 0x0000000800000000

Heap:
 garbage-first heap   total 20480K, used 9860K [0x0000000502600000, 0x0000000800000000)
  region size 2048K, 2 young (4096K), 1 survivors (2048K)
 Metaspace       used 22404K, capacity 22736K, committed 22912K, reserved 1071104K
  class space    used 1998K, capacity 2152K, committed 2176K, reserved 1048576K
Heap Regions: E=young(eden), S=young(survivor), O=old, HS=humongous(starts), HC=humongous(continues), CS=collection set, F=free, A=archive, TAMS=top-at-mark-start (previous, next)
|   0|0x0000000502600000, 0x00000005027fd260, 0x0000000502800000| 99%| O|  |TAMS 0x00000005027fd260, 0x0000000502600000| Untracked 
|   1|0x0000000502800000, 0x00000005029fbf20, 0x0000000502a00000| 99%| O|  |TAMS 0x00000005029fbf20, 0x0000000502800000| Untracked 
|   2|0x0000000502a00000, 0x0000000502bffff0, 0x0000000502c00000| 99%| O|  |TAMS 0x0000000502bffff0, 0x0000000502a00000| Untracked 
|   3|0x0000000502c00000, 0x0000000502dfffa8, 0x0000000502e00000| 99%| O|  |TAMS 0x0000000502dfffa8, 0x0000000502c00000| Complete 
|   4|0x0000000502e00000, 0x0000000502e4d2a8, 0x0000000503000000| 15%| O|  |TAMS 0x0000000502e4d2a8, 0x0000000502e00000| Complete 
|   5|0x0000000503000000, 0x0000000503000000, 0x0000000503200000|  0%| F|  |TAMS 0x0000000503000000, 0x0000000503000000| Untracked 
|   6|0x0000000503200000, 0x000000050335afa8, 0x0000000503400000| 67%| S|CS|TAMS 0x0000000503200000, 0x0000000503200000| Complete 
|   7|0x0000000503400000, 0x0000000503400000, 0x0000000503600000|  0%| F|  |TAMS 0x0000000503400000, 0x0000000503400000| Untracked 
|   8|0x0000000503600000, 0x0000000503600000, 0x0000000503800000|  0%| F|  |TAMS 0x0000000503600000, 0x0000000503600000| Untracked 
|   9|0x0000000503800000, 0x00000005039912b0, 0x0000000503a00000| 78%| E|  |TAMS 0x0000000503800000, 0x0000000503800000| Complete 

Card table byte_map: [0x000001351b3f0000,0x000001351cbe0000] _byte_map_base: 0x0000013518bdd000

Marking Bits (Prev, Next): (CMBitMap*) 0x0000013500c2cdb8, (CMBitMap*) 0x0000013500c2cdf0
 Prev Bits: [0x000001351e3d0000, 0x000001352a338000)
 Next Bits: [0x000001352a340000, 0x00000135362a8000)

Polling page: 0x0000013509f50000

Metaspace:

Usage:
  Non-class:     20.10 MB capacity,    19.93 MB (>99%) used,   142.94 KB ( <1%) free+waste,    35.31 KB ( <1%) overhead. 
      Class:      2.10 MB capacity,     1.95 MB ( 93%) used,   138.41 KB (  6%) free+waste,    14.63 KB ( <1%) overhead. 
       Both:     22.20 MB capacity,    21.88 MB ( 99%) used,   281.35 KB (  1%) free+waste,    49.94 KB ( <1%) overhead. 

Virtual space:
  Non-class space:       22.00 MB reserved,      20.25 MB ( 92%) committed 
      Class space:        1.00 GB reserved,       2.13 MB ( <1%) committed 
             Both:        1.02 GB reserved,      22.38 MB (  2%) committed 

Chunk freelists:
   Non-Class:  24.00 KB
       Class:  24.00 KB
        Both:  48.00 KB

MaxMetaspaceSize: 17179869184.00 GB
CompressedClassSpaceSize: 1.00 GB

CodeHeap 'non-profiled nmethods': size=120000Kb used=962Kb max_used=962Kb free=119037Kb
 bounds [0x0000013511a40000, 0x0000013511cb0000, 0x0000013518f70000]
CodeHeap 'profiled nmethods': size=120000Kb used=5096Kb max_used=5096Kb free=114903Kb
 bounds [0x000001350a510000, 0x000001350aa10000, 0x0000013511a40000]
CodeHeap 'non-nmethods': size=5760Kb used=1177Kb max_used=1205Kb free=4583Kb
 bounds [0x0000013509f70000, 0x000001350a1e0000, 0x000001350a510000]
 total_blobs=2896 nmethods=2378 adapters=429
 compilation: enabled
              stopped_count=0, restarted_count=0
 full_count=0

Compilation events (20 events):
Event: 2438.049 Thread 0x0000013500306800 2646       3       org.hsqldb.lib.OrderedIntHashSet::add (30 bytes)
Event: 2438.049 Thread 0x0000013500306800 nmethod 2646 0x000001350aa03010 code [0x000001350aa031e0, 0x000001350aa035a8]
Event: 2438.049 Thread 0x0000013500306800 2620       3       org.hsqldb.ParserDQL::readNewSchemaObjectName (365 bytes)
Event: 2438.050 Thread 0x0000013500306800 nmethod 2620 0x000001350aa03710 code [0x000001350aa03b00, 0x000001350aa059b8]
Event: 2438.050 Thread 0x0000013500306800 2618       3       org.hsqldb.map.BaseHashMap::resizeElementArrays (295 bytes)
Event: 2438.050 Thread 0x0000013500306800 nmethod 2618 0x000001350aa06590 code [0x000001350aa06840, 0x000001350aa07bc8]
Event: 2438.050 Thread 0x0000013500306800 2626       3       org.hsqldb.types.BooleanType::convertToType (367 bytes)
Event: 2438.051 Thread 0x0000013500306800 nmethod 2626 0x000001350aa07e90 code [0x000001350aa08180, 0x000001350aa09648]
Event: 2438.051 Thread 0x0000013500306800 2632       3       org.hsqldb.RangeVariable::<init> (134 bytes)
Event: 2438.051 Thread 0x0000013500306800 nmethod 2632 0x000001350aa09a10 code [0x000001350aa09c80, 0x000001350aa0ac98]
Event: 2438.051 Thread 0x0000013500306800 2622       3       org.hsqldb.result.ResultMetaData::newResultMetaData (55 bytes)
Event: 2438.051 Thread 0x0000013500306800 nmethod 2622 0x000001350aa0b090 code [0x000001350aa0b260, 0x000001350aa0b758]
Event: 2438.051 Thread 0x0000013500306800 2628       3       org.hsqldb.QuerySpecification::resolveReferences (80 bytes)
Event: 2438.052 Thread 0x0000013500306800 nmethod 2628 0x000001350aa0b890 code [0x000001350aa0bac0, 0x000001350aa0c058]
Event: 2438.052 Thread 0x0000013500306800 2644       3       org.hsqldb.QuerySpecification::setRangeVariableConditions (37 bytes)
Event: 2438.052 Thread 0x0000013500306800 nmethod 2644 0x000001350aa0c210 code [0x000001350aa0c3e0, 0x000001350aa0c698]
Event: 2438.052 Thread 0x0000013500306800 2645       3       org.hsqldb.QuerySpecification::setDistinctConditions (328 bytes)
Event: 2438.052 Thread 0x0000013500306800 nmethod 2645 0x000001350aa0c810 code [0x000001350aa0cae0, 0x000001350aa0ddc8]
Event: 2438.052 Thread 0x0000013500306800 2647       1       org.hsqldb.SchemaManager::getCatalogNameArray (5 bytes)
Event: 2438.052 Thread 0x0000013500306800 nmethod 2647 0x0000013511b31190 code [0x0000013511b31340, 0x0000013511b313f8]

GC Heap History (20 events):
Event: 5.128 GC heap before
{Heap before GC invocations=7 (full 4):
 garbage-first heap   total 20480K, used 13068K [0x0000000502600000, 0x0000000800000000)
  region size 2048K, 3 young (6144K), 0 survivors (0K)
 Metaspace       used 19703K, capacity 20043K, committed 20224K, reserved 1067008K
  class space    used 1827K, capacity 1979K, committed 2048K, reserved 1048576K
}
Event: 5.131 GC heap after
{Heap after GC invocations=8 (full 4):
 garbage-first heap   total 20480K, used 7964K [0x0000000502600000, 0x0000000800000000)
  region size 2048K, 1 young (2048K), 1 survivors (2048K)
 Metaspace       used 19703K, capacity 20043K, committed 20224K, reserved 1067008K
  class space    used 1827K, capacity 1979K, committed 2048K, reserved 1048576K
}
Event: 5.195 GC heap before
{Heap before GC invocations=8 (full 4):
 garbage-first heap   total 20480K, used 7964K [0x0000000502600000, 0x0000000800000000)
  region size 2048K, 2 young (4096K), 1 survivors (2048K)
 Metaspace       used 19911K, capacity 20267K, committed 20480K, reserved 1067008K
  class space    used 1859K, capacity 2011K, committed 2048K, reserved 1048576K
}
Event: 5.224 GC heap after
{Heap after GC invocations=9 (full 5):
 garbage-first heap   total 20480K, used 7977K [0x0000000502600000, 0x0000000800000000)
  region size 2048K, 0 young (0K), 0 survivors (0K)
 Metaspace       used 19911K, capacity 20267K, committed 20480K, reserved 1067008K
  class space    used 1859K, capacity 2011K, committed 2048K, reserved 1048576K
}
Event: 5.294 GC heap before
{Heap before GC invocations=9 (full 5):
 garbage-first heap   total 20480K, used 7977K [0x0000000502600000, 0x0000000800000000)
  region size 2048K, 1 young (2048K), 0 survivors (0K)
 Metaspace       used 20594K, capacity 20978K, committed 21120K, reserved 1069056K
  class space    used 1919K, capacity 2078K, committed 2176K, reserved 1048576K
}
Event: 5.320 GC heap after
{Heap after GC invocations=10 (full 6):
 garbage-first heap   total 20480K, used 7965K [0x0000000502600000, 0x0000000800000000)
  region size 2048K, 0 young (0K), 0 survivors (0K)
 Metaspace       used 20594K, capacity 20978K, committed 21120K, reserved 1069056K
  class space    used 1919K, capacity 2078K, committed 2176K, reserved 1048576K
}
Event: 2344.699 GC heap before
{Heap before GC invocations=10 (full 6):
 garbage-first heap   total 20480K, used 14109K [0x0000000502600000, 0x0000000800000000)
  region size 2048K, 3 young (6144K), 0 survivors (0K)
 Metaspace       used 21442K, capacity 21776K, committed 21888K, reserved 1069056K
  class space    used 1997K, capacity 2152K, committed 2176K, reserved 1048576K
}
Event: 2344.701 GC heap after
{Heap after GC invocations=11 (full 6):
 garbage-first heap   total 20480K, used 9171K [0x0000000502600000, 0x0000000800000000)
  region size 2048K, 1 young (2048K), 1 survivors (2048K)
 Metaspace       used 21442K, capacity 21776K, committed 21888K, reserved 1069056K
  class space    used 1997K, capacity 2152K, committed 2176K, reserved 1048576K
}
Event: 2344.759 GC heap before
{Heap before GC invocations=11 (full 6):
 garbage-first heap   total 20480K, used 13267K [0x0000000502600000, 0x0000000800000000)
  region size 2048K, 3 young (6144K), 1 survivors (2048K)
 Metaspace       used 21623K, capacity 21968K, committed 22144K, reserved 1069056K
  class space    used 1997K, capacity 2152K, committed 2176K, reserved 1048576K
}
Event: 2344.762 GC heap after
{Heap after GC invocations=12 (full 6):
 garbage-first heap   total 20480K, used 10072K [0x0000000502600000, 0x0000000800000000)
  region size 2048K, 1 young (2048K), 1 survivors (2048K)
 Metaspace       used 21623K, capacity 21968K, committed 22144K, reserved 1069056K
  class space    used 1997K, capacity 2152K, committed 2176K, reserved 1048576K
}
Event: 2344.786 GC heap before
{Heap before GC invocations=12 (full 6):
 garbage-first heap   total 20480K, used 10072K [0x0000000502600000, 0x0000000800000000)
  region size 2048K, 2 young (4096K), 1 survivors (2048K)
 Metaspace       used 21685K, capacity 22032K, committed 22144K, reserved 1069056K
  class space    used 1997K, capacity 2152K, committed 2176K, reserved 1048576K
}
Event: 2344.810 GC heap after
{Heap after GC invocations=13 (full 7):
 garbage-first heap   total 20480K, used 8447K [0x0000000502600000, 0x0000000800000000)
  region size 2048K, 0 young (0K), 0 survivors (0K)
 Metaspace       used 21685K, capacity 22032K, committed 22144K, reserved 1069056K
  class space    used 1997K, capacity 2152K, committed 2176K, reserved 1048576K
}
Event: 2431.494 GC heap before
{Heap before GC invocations=13 (full 7):
 garbage-first heap   total 20480K, used 12543K [0x0000000502600000, 0x0000000800000000)
  region size 2048K, 2 young (4096K), 0 survivors (0K)
 Metaspace       used 21769K, capacity 22096K, committed 22144K, reserved 1069056K
  class space    used 1997K, capacity 2152K, committed 2176K, reserved 1048576K
}
Event: 2431.495 GC heap after
{Heap after GC invocations=14 (full 7):
 garbage-first heap   total 20480K, used 8629K [0x0000000502600000, 0x0000000800000000)
  region size 2048K, 1 young (2048K), 1 survivors (2048K)
 Metaspace       used 21769K, capacity 22096K, committed 22144K, reserved 1069056K
  class space    used 1997K, capacity 2152K, committed 2176K, reserved 1048576K
}
Event: 2431.557 GC heap before
{Heap before GC invocations=15 (full 7):
 garbage-first heap   total 20480K, used 8629K [0x0000000502600000, 0x0000000800000000)
  region size 2048K, 2 young (4096K), 1 survivors (2048K)
 Metaspace       used 21791K, capacity 22160K, committed 22400K, reserved 1069056K
  class space    used 1997K, capacity 2152K, committed 2176K, reserved 1048576K
}
Event: 2431.580 GC heap after
{Heap after GC invocations=16 (full 8):
 garbage-first heap   total 20480K, used 8472K [0x0000000502600000, 0x0000000800000000)
  region size 2048K, 0 young (0K), 0 survivors (0K)
 Metaspace       used 21791K, capacity 22160K, committed 22400K, reserved 1069056K
  class space    used 1997K, capacity 2152K, committed 2176K, reserved 1048576K
}
Event: 2437.980 GC heap before
{Heap before GC invocations=16 (full 8):
 garbage-first heap   total 20480K, used 12568K [0x0000000502600000, 0x0000000800000000)
  region size 2048K, 2 young (4096K), 0 survivors (0K)
 Metaspace       used 21877K, capacity 22224K, committed 22400K, reserved 1069056K
  class space    used 1997K, capacity 2152K, committed 2176K, reserved 1048576K
}
Event: 2437.981 GC heap after
{Heap after GC invocations=17 (full 8):
 garbage-first heap   total 20480K, used 8846K [0x0000000502600000, 0x0000000800000000)
  region size 2048K, 1 young (2048K), 1 survivors (2048K)
 Metaspace       used 21877K, capacity 22224K, committed 22400K, reserved 1069056K
  class space    used 1997K, capacity 2152K, committed 2176K, reserved 1048576K
}
Event: 2438.031 GC heap before
{Heap before GC invocations=18 (full 8):
 garbage-first heap   total 20480K, used 12942K [0x0000000502600000, 0x0000000800000000)
  region size 2048K, 3 young (6144K), 1 survivors (2048K)
 Metaspace       used 22350K, capacity 22736K, committed 22912K, reserved 1071104K
  class space    used 1998K, capacity 2152K, committed 2176K, reserved 1048576K
}
Event: 2438.033 GC heap after
{Heap after GC invocations=19 (full 8):
 garbage-first heap   total 20480K, used 9860K [0x0000000502600000, 0x0000000800000000)
  region size 2048K, 1 young (2048K), 1 survivors (2048K)
 Metaspace       used 22350K, capacity 22736K, committed 22912K, reserved 1071104K
  class space    used 1998K, capacity 2152K, committed 2176K, reserved 1048576K
}

Deoptimization events (20 events):
Event: 2333.234 Thread 0x0000013500302800 DEOPT PACKING pc=0x0000013511ad12dc sp=0x000000245a5e8dc0
Event: 2333.234 Thread 0x0000013500302800 DEOPT UNPACKING pc=0x0000013509f9772f sp=0x000000245a5e8d48 mode 2
Event: 2333.278 Thread 0x000001350030a800 Uncommon trap: trap_request=0xffffff4d fr.pc=0x0000013511a4b94c relative=0x000000000000048c
Event: 2333.278 Thread 0x000001350030a800 Uncommon trap: reason=unstable_if action=reinterpret pc=0x0000013511a4b94c method=org.hsqldb.lib.HsqlTimer$TaskQueue.peekTask()Lorg/hsqldb/lib/HsqlTimer$Task; @ 6 c2
Event: 2333.278 Thread 0x000001350030a800 DEOPT PACKING pc=0x0000013511a4b94c sp=0x000000245ff8f260
Event: 2333.278 Thread 0x000001350030a800 DEOPT UNPACKING pc=0x0000013509f9772f sp=0x000000245ff8f238 mode 2
Event: 2333.393 Thread 0x0000013500302800 DEOPT PACKING pc=0x000001350a7b5ae1 sp=0x000000245a5e9040
Event: 2333.393 Thread 0x0000013500302800 DEOPT UNPACKING pc=0x0000013509f9754e sp=0x000000245a5e8470 mode 0
Event: 2344.701 Thread 0x0000013500308800 Uncommon trap: trap_request=0xffffff4d fr.pc=0x0000013511b158c4 relative=0x0000000000000664
Event: 2344.701 Thread 0x0000013500309000 Uncommon trap: trap_request=0xffffff4d fr.pc=0x0000013511b158c4 relative=0x0000000000000664
Event: 2344.701 Thread 0x0000013500308800 Uncommon trap: reason=unstable_if action=reinterpret pc=0x0000013511b158c4 method=java.lang.ref.ReferenceQueue.remove(J)Ljava/lang/ref/Reference; @ 70 c2
Event: 2344.701 Thread 0x0000013500309000 Uncommon trap: reason=unstable_if action=reinterpret pc=0x0000013511b158c4 method=java.lang.ref.ReferenceQueue.remove(J)Ljava/lang/ref/Reference; @ 70 c2
Event: 2344.701 Thread 0x0000013500308800 DEOPT PACKING pc=0x0000013511b158c4 sp=0x000000245e84eba0
Event: 2344.701 Thread 0x0000013500309000 DEOPT PACKING pc=0x0000013511b158c4 sp=0x000000245ea3f380
Event: 2344.701 Thread 0x0000013500309000 DEOPT UNPACKING pc=0x0000013509f9772f sp=0x000000245ea3f328 mode 2
Event: 2344.701 Thread 0x0000013500308800 DEOPT UNPACKING pc=0x0000013509f9772f sp=0x000000245e84eb48 mode 2
Event: 2438.023 Thread 0x000001353a647000 DEOPT PACKING pc=0x000001350a552058 sp=0x000000245cf1e340
Event: 2438.023 Thread 0x000001353a647000 DEOPT UNPACKING pc=0x0000013509f9754e sp=0x000000245cf1d838 mode 0
Event: 2438.031 Thread 0x000001353a647000 DEOPT PACKING pc=0x000001350a552058 sp=0x000000245cf1e340
Event: 2438.031 Thread 0x000001353a647000 DEOPT UNPACKING pc=0x0000013509f9754e sp=0x000000245cf1d838 mode 0

Classes redefined (0 events):
No events

Internal exceptions (20 events):
Event: 3.564 Thread 0x0000013500302800 Exception <a 'java/lang/ClassNotFoundException'{0x000000050382cae8}: org/apache/log4j/PatternLayoutBeanInfo> (0x000000050382cae8) thrown at [./src/hotspot/share/classfile/systemDictionary.cpp, line 234]
Event: 3.564 Thread 0x0000013500302800 Exception <a 'java/lang/ClassNotFoundException'{0x0000000503832860}: org/apache/log4j/LayoutBeanInfo> (0x0000000503832860) thrown at [./src/hotspot/share/classfile/systemDictionary.cpp, line 234]
Event: 3.564 Thread 0x0000013500302800 Exception <a 'java/lang/ClassNotFoundException'{0x00000005038335a0}: java/lang/ObjectBeanInfo> (0x00000005038335a0) thrown at [./src/hotspot/share/classfile/systemDictionary.cpp, line 234]
Event: 3.569 Thread 0x0000013500302800 Exception <a 'java/lang/ClassNotFoundException'{0x000000050386db00}: java/lang/ObjectCustomizer> (0x000000050386db00) thrown at [./src/hotspot/share/classfile/systemDictionary.cpp, line 234]
Event: 3.620 Thread 0x0000013500302800 Exception <a 'java/lang/ClassNotFoundException'{0x000000050387af78}: org/apache/log4j/LayoutCustomizer> (0x000000050387af78) thrown at [./src/hotspot/share/classfile/systemDictionary.cpp, line 234]
Event: 3.622 Thread 0x0000013500302800 Exception <a 'java/lang/ClassNotFoundException'{0x0000000503890980}: org/apache/log4j/PatternLayoutCustomizer> (0x0000000503890980) thrown at [./src/hotspot/share/classfile/systemDictionary.cpp, line 234]
Event: 3.707 Thread 0x0000013500302800 Implicit null exception at 0x0000013511a71a74 to 0x0000013511a71f70
Event: 3.889 Thread 0x0000013500302800 Exception <a 'java/lang/reflect/InvocationTargetException'{0x0000000503da68d0}> (0x0000000503da68d0) thrown at [./src/hotspot/share/runtime/reflection.cpp, line 1247]
Event: 4.850 Thread 0x0000013500302800 Exception <a 'java/lang/NoSuchMethodError'{0x00000005037e7cc0}: 'void java.lang.invoke.DirectMethodHandle$Holder.invokeStaticInit(java.lang.Object)'> (0x00000005037e7cc0) thrown at [./src/hotspot/share/interpreter/linkResolver.cpp, line 773]
Event: 4.989 Thread 0x0000013500302800 Exception <a 'java/lang/NoSuchMethodError'{0x000000050341a120}: 'java.lang.Object java.lang.invoke.DirectMethodHandle$Holder.invokeStaticInit(java.lang.Object, java.lang.Object, java.lang.Object)'> (0x000000050341a120) thrown at [./src/hotspot/share/interpreter/linkResolver.cpp, line 773]
Event: 4.993 Thread 0x0000013500302800 Exception <a 'java/lang/NoSuchMethodError'{0x0000000503434850}: 'int java.lang.invoke.DirectMethodHandle$Holder.invokeInterface(java.lang.Object, java.lang.Object)'> (0x0000000503434850) thrown at [./src/hotspot/share/interpreter/linkResolver.cpp, line 773]
Event: 4.993 Thread 0x0000013500302800 Exception <a 'java/lang/IncompatibleClassChangeError'{0x0000000503437870}: Found class java.lang.Object, but interface was expected> (0x0000000503437870) thrown at [./src/hotspot/share/interpreter/linkResolver.cpp, line 839]
Event: 5.226 Thread 0x0000013500302800 Exception <a 'java/lang/NoClassDefFoundError'{0x000000050381bc50}: oracle/security/pki/OraclePKIProvider> (0x000000050381bc50) thrown at [./src/hotspot/share/classfile/systemDictionary.cpp, line 223]
Event: 5.275 Thread 0x0000013500302800 Implicit null exception at 0x0000013511afca2c to 0x0000013511afca5e
Event: 5.276 Thread 0x0000013500302800 Exception <a 'java/lang/NoSuchMethodError'{0x000000050395fe80}: 'int java.lang.invoke.DirectMethodHandle$Holder.invokeSpecialIFC(java.lang.Object, java.lang.Object, int)'> (0x000000050395fe80) thrown at [./src/hotspot/share/interpreter/linkResolver.cpp, line 773]
Event: 521.521 Thread 0x0000013500302800 Exception <a 'java/lang/NoSuchMethodError'{0x0000000503951958}: 'java.lang.Object java.lang.invoke.DirectMethodHandle$Holder.invokeStaticInit(java.lang.Object, java.lang.Object, java.lang.Object, java.lang.Object)'> (0x0000000503951958) thrown at [./src/hotspot/share/interpreter/linkResolver.cpp, line 773]
Event: 2333.278 Thread 0x000001350030a800 Implicit null exception at 0x0000013511a4b554 to 0x0000013511a4b940
Event: 2344.693 Thread 0x0000013500302800 Exception <a 'java/lang/reflect/InvocationTargetException'{0x00000005034bd208}> (0x00000005034bd208) thrown at [./src/hotspot/share/runtime/reflection.cpp, line 1247]
Event: 2431.473 Thread 0x0000013500302800 Exception <a 'java/lang/reflect/InvocationTargetException'{0x00000005039d4198}> (0x00000005039d4198) thrown at [./src/hotspot/share/runtime/reflection.cpp, line 1247]
Event: 2437.609 Thread 0x0000013500302800 Exception <a 'java/lang/reflect/InvocationTargetException'{0x000000050380eef0}> (0x000000050380eef0) thrown at [./src/hotspot/share/runtime/reflection.cpp, line 1247]

Events (20 events):
Event: 2437.991 Executing VM operation: CGC_Operation done
Event: 2437.993 Executing VM operation: CGC_Operation
Event: 2437.994 Executing VM operation: CGC_Operation done
Event: 2438.007 Thread 0x0000013500307800 flushing nmethod 0x000001350a764990
Event: 2438.010 Thread 0x000001353a647800 Thread added: 0x000001353a647800
Event: 2438.021 loading class org/hsqldb/HsqlNameManager$1
Event: 2438.021 loading class org/hsqldb/HsqlNameManager$1 done
Event: 2438.031 Executing VM operation: G1CollectForAllocation
Event: 2438.033 Executing VM operation: G1CollectForAllocation done
Event: 2438.039 Executing VM operation: RevokeBias
Event: 2438.039 Executing VM operation: RevokeBias done
Event: 2438.040 Executing VM operation: RevokeBias
Event: 2438.040 Executing VM operation: RevokeBias done
Event: 2438.045 Executing VM operation: RevokeBias
Event: 2438.045 Executing VM operation: RevokeBias done
Event: 2438.045 Executing VM operation: RevokeBias
Event: 2438.045 Executing VM operation: RevokeBias done
Event: 2438.045 Executing VM operation: RevokeBias
Event: 2438.046 Executing VM operation: RevokeBias done
Event: 2439.069 Thread 0x000001353a644800 Thread added: 0x000001353a644800


Dynamic libraries:
0x00007ff7db9f0000 - 0x00007ff7dba0c000 	D:\Programs\Anaconda3\envs\message_env\python.exe
0x00007fff9d980000 - 0x00007fff9db70000 	C:\WINDOWS\SYSTEM32\ntdll.dll
0x00007fff9d700000 - 0x00007fff9d7b2000 	C:\WINDOWS\System32\KERNEL32.DLL
0x00007fff9b510000 - 0x00007fff9b7b5000 	C:\WINDOWS\System32\KERNELBASE.dll
0x00007fff9b1b0000 - 0x00007fff9b2aa000 	C:\WINDOWS\System32\ucrtbase.dll
0x00007fff91490000 - 0x00007fff914a9000 	D:\Programs\Anaconda3\envs\message_env\VCRUNTIME140.dll
0x00007fff289c0000 - 0x00007fff28e93000 	D:\Programs\Anaconda3\envs\message_env\python38.dll
0x00007fff9d860000 - 0x00007fff9d8b2000 	C:\WINDOWS\System32\SHLWAPI.dll
0x00007fff92340000 - 0x00007fff9234a000 	C:\WINDOWS\SYSTEM32\VERSION.dll
0x00007fff9d7c0000 - 0x00007fff9d85e000 	C:\WINDOWS\System32\msvcrt.dll
0x00007fff9d200000 - 0x00007fff9d536000 	C:\WINDOWS\System32\combase.dll
0x00007fff9ba30000 - 0x00007fff9bb4f000 	C:\WINDOWS\System32\RPCRT4.dll
0x00007fff9b120000 - 0x00007fff9b1a1000 	C:\WINDOWS\System32\bcryptPrimitives.dll
0x00007fff9c000000 - 0x00007fff9c026000 	C:\WINDOWS\System32\GDI32.dll
0x00007fff9b7c0000 - 0x00007fff9b7e1000 	C:\WINDOWS\System32\win32u.dll
0x00007fff9b890000 - 0x00007fff9ba28000 	C:\WINDOWS\System32\gdi32full.dll
0x00007fff9b7f0000 - 0x00007fff9b88e000 	C:\WINDOWS\System32\msvcp_win.dll
0x00007fff9bdf0000 - 0x00007fff9bf84000 	C:\WINDOWS\System32\USER32.dll
0x00007fff9cf10000 - 0x00007fff9cf7f000 	C:\WINDOWS\System32\WS2_32.dll
0x00007fff9cd20000 - 0x00007fff9cdc3000 	C:\WINDOWS\System32\ADVAPI32.dll
0x00007fff9cf80000 - 0x00007fff9d017000 	C:\WINDOWS\System32\sechost.dll
0x00007fff9d540000 - 0x00007fff9d56e000 	C:\WINDOWS\System32\IMM32.DLL
0x0000013574ab0000 - 0x0000013574ac2000 	C:\WINDOWS\System32\umppc13213.dll
0x00007fff9a8f0000 - 0x00007fff9a907000 	C:\WINDOWS\System32\CRYPTSP.dll
0x00007fff99980000 - 0x00007fff999b3000 	C:\WINDOWS\system32\rsaenh.dll
0x00007fff9a970000 - 0x00007fff9a996000 	C:\WINDOWS\System32\bcrypt.dll
0x00007fff9a240000 - 0x00007fff9a24c000 	C:\WINDOWS\SYSTEM32\CRYPTBASE.dll
0x00007fff90b50000 - 0x00007fff90b5f000 	D:\Programs\Anaconda3\envs\message_env\python3.DLL
0x00007fff7c840000 - 0x00007fff7c858000 	D:\Programs\Anaconda3\envs\message_env\DLLs\_bz2.pyd
0x00007fff7a220000 - 0x00007fff7a250000 	D:\Programs\Anaconda3\envs\message_env\DLLs\_lzma.pyd
0x00007fff646a0000 - 0x00007fff646c4000 	D:\Programs\Anaconda3\envs\message_env\DLLs\_ctypes.pyd
0x00007fff9d570000 - 0x00007fff9d6c7000 	C:\WINDOWS\System32\ole32.dll
0x00007fff9cc50000 - 0x00007fff9cd15000 	C:\WINDOWS\System32\OLEAUT32.dll
0x00007fff73a00000 - 0x00007fff73a0b000 	D:\Programs\Anaconda3\envs\message_env\DLLs\libffi-7.dll
0x00007fff9c030000 - 0x00007fff9c718000 	C:\WINDOWS\System32\shell32.DLL
0x00007fff9b410000 - 0x00007fff9b45a000 	C:\WINDOWS\System32\cfgmgr32.dll
0x00007fff9d0f0000 - 0x00007fff9d197000 	C:\WINDOWS\System32\shcore.dll
0x00007fff9a9a0000 - 0x00007fff9b11b000 	C:\WINDOWS\System32\windows.storage.dll
0x00007fff9a880000 - 0x00007fff9a89e000 	C:\WINDOWS\System32\profapi.dll
0x00007fff9a8a0000 - 0x00007fff9a8ea000 	C:\WINDOWS\System32\powrprof.dll
0x00007fff9a830000 - 0x00007fff9a840000 	C:\WINDOWS\System32\UMPDC.dll
0x00007fff9a840000 - 0x00007fff9a851000 	C:\WINDOWS\System32\kernel.appcore.dll
0x00007fff90b40000 - 0x00007fff90b4c000 	D:\Programs\Anaconda3\envs\message_env\DLLs\_hashlib.pyd
0x00007fff2ae00000 - 0x00007fff2b14a000 	D:\Programs\Anaconda3\envs\message_env\Library\bin\libcrypto-1_1-x64.dll
0x00007fff67c70000 - 0x00007fff67c86000 	D:\Programs\Anaconda3\envs\message_env\DLLs\_sqlite3.pyd
0x00007fff319b0000 - 0x00007fff31b0d000 	D:\Programs\Anaconda3\envs\message_env\Library\bin\sqlite3.dll
0x00007fff7a200000 - 0x00007fff7a217000 	D:\Programs\Anaconda3\envs\message_env\DLLs\_socket.pyd
0x00007fff99d80000 - 0x00007fff99dba000 	C:\WINDOWS\SYSTEM32\IPHLPAPI.DLL
0x00007fff7c830000 - 0x00007fff7c839000 	D:\Programs\Anaconda3\envs\message_env\DLLs\select.pyd
0x00007fff7a1d0000 - 0x00007fff7a1fb000 	D:\Programs\Anaconda3\envs\message_env\DLLs\_ssl.pyd
0x00007fff9b2b0000 - 0x00007fff9b401000 	C:\WINDOWS\System32\CRYPT32.dll
0x00007fff9a860000 - 0x00007fff9a872000 	C:\WINDOWS\System32\MSASN1.dll
0x00007fff356f0000 - 0x00007fff3579c000 	D:\Programs\Anaconda3\envs\message_env\Library\bin\libssl-1_1-x64.dll
0x00007fff635b0000 - 0x00007fff635c3000 	D:\Programs\Anaconda3\envs\message_env\DLLs\_asyncio.pyd
0x00007fff737e0000 - 0x00007fff737ee000 	D:\Programs\Anaconda3\envs\message_env\DLLs\_overlapped.pyd
0x00007fff9a070000 - 0x00007fff9a0d7000 	C:\WINDOWS\system32\mswsock.dll
0x00007fff75a10000 - 0x00007fff75a19000 	D:\Programs\Anaconda3\envs\message_env\DLLs\_queue.pyd
0x00007fff31b10000 - 0x00007fff31c1f000 	D:\Programs\Anaconda3\envs\message_env\DLLs\unicodedata.pyd
0x00007fff39190000 - 0x00007fff3922b000 	D:\Programs\Anaconda3\envs\message_env\lib\site-packages\zmq\libzmq.cp38-win_amd64.pyd
0x00007fff59620000 - 0x00007fff596b1000 	C:\WINDOWS\SYSTEM32\MSVCP140.dll
0x00007fff8a420000 - 0x00007fff8a42c000 	C:\WINDOWS\SYSTEM32\VCRUNTIME140_1.dll
0x00007fff75a40000 - 0x00007fff75a56000 	D:\Programs\Anaconda3\envs\message_env\lib\site-packages\zmq\backend\cython\constants.cp38-win_amd64.pyd
0x00007fff7c3a0000 - 0x00007fff7c3ac000 	D:\Programs\Anaconda3\envs\message_env\lib\site-packages\zmq\backend\cython\error.cp38-win_amd64.pyd
0x00007fff75a20000 - 0x00007fff75a39000 	D:\Programs\Anaconda3\envs\message_env\lib\site-packages\zmq\backend\cython\message.cp38-win_amd64.pyd
0x00007fff6d970000 - 0x00007fff6d984000 	D:\Programs\Anaconda3\envs\message_env\lib\site-packages\zmq\backend\cython\context.cp38-win_amd64.pyd
0x00007fff5c2b0000 - 0x00007fff5c2d3000 	D:\Programs\Anaconda3\envs\message_env\lib\site-packages\zmq\backend\cython\socket.cp38-win_amd64.pyd
0x00007fff778b0000 - 0x00007fff778be000 	D:\Programs\Anaconda3\envs\message_env\lib\site-packages\zmq\backend\cython\utils.cp38-win_amd64.pyd
0x00007fff6d950000 - 0x00007fff6d964000 	D:\Programs\Anaconda3\envs\message_env\lib\site-packages\zmq\backend\cython\_poll.cp38-win_amd64.pyd
0x00007fff6d860000 - 0x00007fff6d86c000 	D:\Programs\Anaconda3\envs\message_env\lib\site-packages\zmq\backend\cython\_version.cp38-win_amd64.pyd
0x00007fff68620000 - 0x00007fff68632000 	D:\Programs\Anaconda3\envs\message_env\lib\site-packages\zmq\backend\cython\_device.cp38-win_amd64.pyd
0x00007fff6c8d0000 - 0x00007fff6c8e0000 	D:\Programs\Anaconda3\envs\message_env\lib\site-packages\zmq\backend\cython\_proxy_steerable.cp38-win_amd64.pyd
0x00007fff759e0000 - 0x00007fff759e7000 	D:\Programs\Anaconda3\envs\message_env\lib\site-packages\tornado\speedups.cp38-win_amd64.pyd
0x00007fff5afd0000 - 0x00007fff5b01b000 	D:\Programs\Anaconda3\envs\message_env\DLLs\_decimal.pyd
0x00007fff9c7d0000 - 0x00007fff9c7d8000 	C:\WINDOWS\System32\NSI.dll
0x00007fff963a0000 - 0x00007fff963b6000 	C:\WINDOWS\SYSTEM32\dhcpcsvc6.DLL
0x00007fff96380000 - 0x00007fff9639c000 	C:\WINDOWS\SYSTEM32\dhcpcsvc.DLL
0x00007fff99dc0000 - 0x00007fff99e8b000 	C:\WINDOWS\SYSTEM32\DNSAPI.dll
0x000000005d750000 - 0x000000005d774000 	D:\Programs\Anaconda3\envs\message_env\lib\site-packages\win32\win32api.pyd
0x000000005d720000 - 0x000000005d747000 	D:\Programs\Anaconda3\envs\message_env\lib\site-packages\win32\pywintypes38.dll
0x00007fff8f760000 - 0x00007fff8f76c000 	C:\WINDOWS\SYSTEM32\secur32.dll
0x00007fff9a750000 - 0x00007fff9a77f000 	C:\WINDOWS\SYSTEM32\SSPICLI.DLL
0x000000005d6f0000 - 0x000000005d717000 	D:\Programs\Anaconda3\envs\message_env\lib\site-packages\win32\win32security.pyd
0x00007fff8f7b0000 - 0x00007fff8f7c7000 	C:\WINDOWS\SYSTEM32\NETAPI32.dll
0x00007fff99e90000 - 0x00007fff99e9c000 	C:\WINDOWS\SYSTEM32\NETUTILS.DLL
0x0000013578ee0000 - 0x0000013578ee3000 	C:\WINDOWS\SYSTEM32\security.dll
0x00007fff77670000 - 0x00007fff77698000 	C:\WINDOWS\SYSTEM32\ntdsapi.dll
0x00007fff99ea0000 - 0x00007fff99ee2000 	C:\WINDOWS\SYSTEM32\LOGONCLI.DLL
0x00007fff1d730000 - 0x00007fff1da06000 	D:\Programs\Anaconda3\envs\message_env\lib\site-packages\numpy\core\_multiarray_umath.cp38-win_amd64.pyd
0x00007fff1b2e0000 - 0x00007fff1c356000 	D:\Programs\Anaconda3\envs\message_env\Library\bin\libcblas.dll
0x00007fff5a8b0000 - 0x00007fff5a8cf000 	D:\Programs\Anaconda3\envs\message_env\lib\site-packages\numpy\core\_multiarray_tests.cp38-win_amd64.pyd
0x00007fff6c4d0000 - 0x00007fff6c4d9000 	D:\Programs\Anaconda3\envs\message_env\lib\site-packages\numpy\linalg\lapack_lite.cp38-win_amd64.pyd
0x00007fff0e670000 - 0x00007fff0f6e6000 	D:\Programs\Anaconda3\envs\message_env\Library\bin\liblapack.dll
0x00007fff3e330000 - 0x00007fff3e35a000 	D:\Programs\Anaconda3\envs\message_env\lib\site-packages\numpy\linalg\_umath_linalg.cp38-win_amd64.pyd
0x00007fff0d5f0000 - 0x00007fff0e666000 	D:\Programs\Anaconda3\envs\message_env\Library\bin\libblas.dll
0x00007fff57900000 - 0x00007fff57920000 	D:\Programs\Anaconda3\envs\message_env\lib\site-packages\numpy\fft\_pocketfft_internal.cp38-win_amd64.pyd
0x00007fff32e60000 - 0x00007fff32ef0000 	D:\Programs\Anaconda3\envs\message_env\lib\site-packages\numpy\random\mtrand.cp38-win_amd64.pyd
0x00007fff35da0000 - 0x00007fff35dca000 	D:\Programs\Anaconda3\envs\message_env\lib\site-packages\numpy\random\bit_generator.cp38-win_amd64.pyd
0x00007fff356b0000 - 0x00007fff356e2000 	D:\Programs\Anaconda3\envs\message_env\lib\site-packages\numpy\random\_common.cp38-win_amd64.pyd
0x00007fff34740000 - 0x00007fff34780000 	D:\Programs\Anaconda3\envs\message_env\lib\site-packages\numpy\random\_bounded_integers.cp38-win_amd64.pyd
0x00007fff54be0000 - 0x00007fff54bf8000 	D:\Programs\Anaconda3\envs\message_env\lib\site-packages\numpy\random\_mt19937.cp38-win_amd64.pyd
0x00007fff472a0000 - 0x00007fff472b7000 	D:\Programs\Anaconda3\envs\message_env\lib\site-packages\numpy\random\_philox.cp38-win_amd64.pyd
0x00007fff39080000 - 0x00007fff39095000 	D:\Programs\Anaconda3\envs\message_env\lib\site-packages\numpy\random\_pcg64.cp38-win_amd64.pyd
0x00007fff35f00000 - 0x00007fff35f12000 	D:\Programs\Anaconda3\envs\message_env\lib\site-packages\numpy\random\_sfc64.cp38-win_amd64.pyd
0x00007fff31900000 - 0x00007fff319aa000 	D:\Programs\Anaconda3\envs\message_env\lib\site-packages\numpy\random\_generator.cp38-win_amd64.pyd
0x00007fff0a500000 - 0x00007fff0d5e2000 	D:\Programs\Anaconda3\envs\message_env\Library\bin\mkl_intel_thread.dll
0x00007fff05aa0000 - 0x00007fff0a4fe000 	D:\Programs\Anaconda3\envs\message_env\Library\bin\mkl_core.dll
0x00007fff03280000 - 0x00007fff05aa0000 	D:\Programs\Anaconda3\envs\message_env\Library\bin\mkl_avx2.dll
0x00007fff02410000 - 0x00007fff0327d000 	D:\Programs\Anaconda3\envs\message_env\Library\bin\mkl_vml_avx2.dll
0x00007fff315f0000 - 0x00007fff316fc000 	D:\Programs\Anaconda3\envs\message_env\lib\site-packages\pandas\_libs\interval.cp38-win_amd64.pyd
0x00007fff314f0000 - 0x00007fff315e8000 	D:\Programs\Anaconda3\envs\message_env\lib\site-packages\pandas\_libs\hashtable.cp38-win_amd64.pyd
0x00007fff34710000 - 0x00007fff3473c000 	D:\Programs\Anaconda3\envs\message_env\lib\site-packages\pandas\_libs\missing.cp38-win_amd64.pyd
0x00007fff35690000 - 0x00007fff356ae000 	D:\Programs\Anaconda3\envs\message_env\lib\site-packages\pandas\_libs\tslibs\dtypes.cp38-win_amd64.pyd
0x00007fff34170000 - 0x00007fff341ac000 	D:\Programs\Anaconda3\envs\message_env\lib\site-packages\pandas\_libs\tslibs\conversion.cp38-win_amd64.pyd
0x00007fff6be40000 - 0x00007fff6be4f000 	D:\Programs\Anaconda3\envs\message_env\lib\site-packages\pandas\_libs\tslibs\base.cp38-win_amd64.pyd
0x00007fff32e20000 - 0x00007fff32e52000 	D:\Programs\Anaconda3\envs\message_env\lib\site-packages\pandas\_libs\tslibs\nattype.cp38-win_amd64.pyd
0x00007fff6b050000 - 0x00007fff6b05f000 	D:\Programs\Anaconda3\envs\message_env\lib\site-packages\pandas\_libs\tslibs\np_datetime.cp38-win_amd64.pyd
0x00007fff32b40000 - 0x00007fff32b74000 	D:\Programs\Anaconda3\envs\message_env\lib\site-packages\pandas\_libs\tslibs\timezones.cp38-win_amd64.pyd
0x00007fff32640000 - 0x00007fff3267d000 	D:\Programs\Anaconda3\envs\message_env\lib\site-packages\pandas\_libs\tslibs\tzconversion.cp38-win_amd64.pyd
0x00007fff34c60000 - 0x00007fff34c72000 	D:\Programs\Anaconda3\envs\message_env\lib\site-packages\pandas\_libs\tslibs\ccalendar.cp38-win_amd64.pyd
0x00007fff31d40000 - 0x00007fff31d92000 	D:\Programs\Anaconda3\envs\message_env\lib\site-packages\pandas\_libs\tslibs\parsing.cp38-win_amd64.pyd
0x00007fff2f670000 - 0x00007fff2f738000 	D:\Programs\Anaconda3\envs\message_env\lib\site-packages\pandas\_libs\tslibs\offsets.cp38-win_amd64.pyd
0x00007fff2e7b0000 - 0x00007fff2e80d000 	D:\Programs\Anaconda3\envs\message_env\lib\site-packages\pandas\_libs\tslibs\timedeltas.cp38-win_amd64.pyd
0x00007fff2de80000 - 0x00007fff2dee0000 	D:\Programs\Anaconda3\envs\message_env\lib\site-packages\pandas\_libs\tslibs\timestamps.cp38-win_amd64.pyd
0x00007fff324c0000 - 0x00007fff324f9000 	D:\Programs\Anaconda3\envs\message_env\lib\site-packages\pandas\_libs\tslibs\fields.cp38-win_amd64.pyd
0x00007fff2ec00000 - 0x00007fff2ec4e000 	D:\Programs\Anaconda3\envs\message_env\lib\site-packages\pandas\_libs\tslibs\strptime.cp38-win_amd64.pyd
0x00007fff34ae0000 - 0x00007fff34af3000 	D:\Programs\Anaconda3\envs\message_env\lib\site-packages\pandas\_libs\properties.cp38-win_amd64.pyd
0x00007fff2de20000 - 0x00007fff2de7b000 	D:\Programs\Anaconda3\envs\message_env\lib\site-packages\pandas\_libs\tslibs\period.cp38-win_amd64.pyd
0x00007fff2cbe0000 - 0x00007fff2cc14000 	D:\Programs\Anaconda3\envs\message_env\lib\site-packages\pandas\_libs\tslibs\vectorized.cp38-win_amd64.pyd

dbghelp: loaded successfully - version: 4.0.5 - missing functions: none
symbol engine: initialized successfully - sym options: 0x614 - pdb path: .;D:\Programs\Anaconda3\envs\message_env;C:\WINDOWS\SYSTEM32;D:\Programs\Anaconda3\envs\message_env\DLLs;D:\Programs\Anaconda3\envs\message_env\Library\bin;D:\Programs\Anaconda3\envs\message_env\lib\site-packages\zmq;D:\Programs\Anaconda3\envs\message_env\lib\site-packages\zmq\backend\cython;D:\Programs\Anaconda3\envs\message_env\lib\site-packages\tornado;D:\Programs\Anaconda3\envs\message_env\lib\site-packages\win32;D:\Programs\Anaconda3\envs\message_env\lib\site-packages\numpy\core;D:\Programs\Anaconda3\envs\message_env\lib\site-packages\numpy\linalg;D:\Programs\Anaconda3\envs\message_env\lib\site-packages\numpy\fft;D:\Programs\Anaconda3\envs\message_env\lib\site-packages\numpy\random;D:\Programs\Anaconda3\envs\message_env\lib\site-packages\pandas\_libs;D:\Programs\Anaconda3\envs\message_env\lib\site-packages\pandas\_libs\tslibs;D:\Programs\Anaconda3\envs\message_env\lib\site-packages\pandas\_libs\window;D:\Programs\Anaconda3\envs\message_env\lib\site-packages;D:\Programs\Anaconda3\envs\message_env\lib\site-packages\yaml;D:\Programs\Anaconda3\envs\message_env\lib\site-packages\cytoolz;D:\Programs\Anaconda3\envs\message_env\lib\site-packages\psutil;D:\Programs\Anaconda3\envs\message_env\lib\site-packages\llvmlite\binding;D:\Programs\Anaconda3\envs\message_env\lib\site-packages\numba\core\typeconv;D:\Programs\Anaconda3\envs\message_env\lib\site-packages\numba;D:\Programs\Anaconda3\envs\message_env\lib\site-packages\numba\core\runtime;D:\Programs\Anaconda3\envs\message_env\lib\site-packages\numba\np\ufunc;D:\Programs\Anaconda3\envs\message_env\lib\site-packages\numba\experimental\jitclass;D:\Programs\Anaconda3\envs\message_env\lib\site-packages\scipy\.libs;D:\Programs\Anaconda3\envs\message_env\lib\site-packages\scipy\_lib;D:\Programs\Anaconda3\Library\bin;D:\Programs\Anaconda3\envs\message_env\lib\site-packages\scipy\sparse;D:\Programs\Anaconda3\envs\message_env\lib\site-packages\scipy\sparse\csgraph;D:\Programs\Anaconda3\envs\message_env\lib\site-packages\scipy\_lib\_uarray;D:\Programs\Anaconda3\envs\message_env\lib\site-packages\scipy\fft\_pocketfft;D:\Programs\Anaconda3\envs\message_env\lib\site-packages\scipy\fftpack;D:\Programs\Anaconda3\envs\message_env\lib\site-packages\msgpack;D:\Programs\Anaconda3\envs\message_env\lib\site-packages\scipy\io\matlab;D:\Programs\Anaconda3\envs\message_env\lib\site-packages\brotli;D:\Programs\Anaconda3\envs\message_env\lib\site-packages\cchardet;D:\Programs\Anaconda3\envs\message_env\lib\site-packages\matplotlib;D:\Programs\Anaconda3\envs\message_env\lib\site-packages\PIL;D:\Programs\Anaconda3\envs\message_env\lib\site-packages\matplotlib\backends;D:\Programs\Anaconda3\envs\message_env\lib\site-packages\scipy\spatial;D:\Programs\Anaconda3\envs\message_env\lib\site-packages\scipy\linalg;D:\Programs\Anaconda3\envs\message_env\lib\site-packages\scipy\special;D:\Programs\Anaconda3\envs\message_env\lib\site-packages\scipy\spatial\transform;D:\Programs\Anaconda3\envs\message_env\lib\site-packages\scipy\ndimage;D:\Programs\Anaconda3\envs\message_env\lib\site-packages\scipy\optimize;D:\Programs\Anaconda3\envs\message_env\lib\site-packages\scipy\sparse\linalg\isolve;D:\Programs\Anaconda3\envs\message_env\lib\site-packages\scipy\sparse\linalg\dsolve;D:\Programs\Anaconda3\envs\message_env\lib\site-packages\scipy\sparse\linalg\eigen\arpack;D:\Programs\Anaconda3\envs\message_env\lib\site-packages\scipy\optimize\_trlib;D:\Programs\Anaconda3\envs\message_env\lib\site-packages\scipy\optimize\_lsq;D:\Programs\Anaconda3\envs\message_env\lib\site-packages\scipy\optimize\_highs;D:\Programs\Anaconda3\envs\message_env\lib\site-packages\scipy\integrate;D:\Programs\Anaconda3\envs\message_env\lib\site-packages\scipy\interpolate;D:\Programs\Anaconda3\envs\message_env\lib\site-packages\scipy\stats;D:\Programs\Anaconda3\envs\message_env\lib\site-packages\scipy\cluster;D:\Programs\Anaconda3\envs\message_env\Library\bin\server

VM Arguments:
java_command: <unknown>
java_class_path (initial): D:\Programs\Anaconda3\envs\message_env\lib\site-packages\ixmp\ixmp.jar;D:\Programs\Anaconda3\envs\message_env\lib\site-packages\ixmp\lib\activation-1.1.jar;D:\Programs\Anaconda3\envs\message_env\lib\site-packages\ixmp\lib\cfg4j-core-4.4.1.jar;D:\Programs\Anaconda3\envs\message_env\lib\site-packages\ixmp\lib\commons-collections4-4.4.jar;D:\Programs\Anaconda3\envs\message_env\lib\site-packages\ixmp\lib\commons-csv-1.6.jar;D:\Programs\Anaconda3\envs\message_env\lib\site-packages\ixmp\lib\commons-lang-2.6.jar;D:\Programs\Anaconda3\envs\message_env\lib\site-packages\ixmp\lib\flyway-core-5.1.4.jar;D:\Programs\Anaconda3\envs\message_env\lib\site-packages\ixmp\lib\GAMSJavaAPI.jar;D:\Programs\Anaconda3\envs\message_env\lib\site-packages\ixmp\lib\gamsxjni64.dll;D:\Programs\Anaconda3\envs\message_env\lib\site-packages\ixmp\lib\gdxjni64.dll;D:\Programs\Anaconda3\envs\message_env\lib\site-packages\ixmp\lib\gevmjni64.dll;D:\Programs\Anaconda3\envs\message_env\lib\site-packages\ixmp\lib\gmdjni64.dll;D:\Programs\Anaconda3\envs\message_env\lib\site-packages\ixmp\lib\gmomjni64.dll;D:\Programs\Anaconda3\envs\message_env\lib\site-packages\ixmp\lib\HikariCP-3.4.5.jar;D:\Programs\Anaconda3\envs\message_env\lib\site-packages\ixmp\lib\hk2-api-2.6.1.jar;D:\Programs\Anaconda3\envs\message_env\lib\site-packages\ixmp\lib\hk2-locator-2.6.1.jar;D:\Programs\Anaconda3\envs\message_env\lib\site-packages\ixmp\lib\hk2-utils-2.6.1.jar;D:\Programs\Anaconda3\envs\message_env\lib\site-packages\ixmp\lib\hsqldb-2.5.1.jar;D:\Programs\Anaconda3\envs\message_env\lib\site-packages\ixmp\lib\idxjni64.dll;D:\Programs\Anaconda3\envs\message_env\lib\site-packages\ixmp\lib\jackson-annotations-2.9.8.jar;D:\Programs\Anaconda3\envs\message_env\lib\site-packages\ixmp\lib\jackson-core-2.9.6.jar;D:\Programs\Anaconda3\envs\message_env\lib\site-packages\ixmp\lib\jackson-databind-2.9.6.jar;D:\Programs\Anaconda3\envs\message_env\lib\site-packages\ixmp\lib\jackson-module-jaxb-annotations-2.9.8.jar;
Launcher Type: generic

[Global flags]
     intx CICompilerCount                          = 4                                         {product} {ergonomic}
     uint ConcGCThreads                            = 3                                         {product} {ergonomic}
     uint G1ConcRefinementThreads                  = 10                                        {product} {ergonomic}
   size_t G1HeapRegionSize                         = 2097152                                   {product} {ergonomic}
    uintx GCDrainStackTargetSize                   = 64                                        {product} {ergonomic}
   size_t InitialHeapSize                          = 803209216                                 {product} {ergonomic}
   size_t MarkStackSize                            = 4194304                                   {product} {ergonomic}
   size_t MaxHeapSize                              = 12845056000                               {product} {ergonomic}
   size_t MaxNewSize                               = 7707033600                                {product} {ergonomic}
   size_t MinHeapDeltaBytes                        = 2097152                                   {product} {ergonomic}
    uintx NonNMethodCodeHeapSize                   = 5836300                                {pd product} {ergonomic}
    uintx NonProfiledCodeHeapSize                  = 122910970                              {pd product} {ergonomic}
    uintx ProfiledCodeHeapSize                     = 122910970                              {pd product} {ergonomic}
    uintx ReservedCodeCacheSize                    = 251658240                              {pd product} {ergonomic}
     bool SegmentedCodeCache                       = true                                      {product} {ergonomic}
     bool UseCompressedClassPointers               = true                                 {lp64_product} {ergonomic}
     bool UseCompressedOops                        = true                                 {lp64_product} {ergonomic}
     bool UseG1GC                                  = true                                      {product} {ergonomic}
     bool UseLargePagesIndividualAllocation        = false                                  {pd product} {ergonomic}

Logging:
Log output configuration:
 #0: stdout all=warning uptime,level,tags
 #1: stderr all=off uptime,level,tags

Environment Variables:
JAVA_HOME=D:\Programs\Anaconda3\envs\message_env\Library
CLASSPATH=D:\Programs\XPRESS8.5.10\lib\xprm.jar;D:\Programs\XPRESS8.5.10\lib\xprs.jar;D:\Programs\XPRESS8.5.10\lib\xprb.jar;
PATH=D:\Programs\Anaconda3\envs\message_env;D:\Programs\Anaconda3\envs\message_env\Library\mingw-w64\bin;D:\Programs\Anaconda3\envs\message_env\Library\usr\bin;D:\Programs\Anaconda3\envs\message_env\Library\bin;D:\Programs\Anaconda3\envs\message_env\Scripts;D:\Programs\Anaconda3\envs\message_env\bin;D:\Programs\Anaconda3\condabin;D:\Programs\Anaconda3;D:\Programs\Anaconda3\Library\mingw-w64\bin;D:\Programs\Anaconda3\Library\usr\bin;D:\Programs\Anaconda3\Library\bin;D:\Programs\Anaconda3\Scripts;C:\Program Files (x86)\Zulu\zulu-8-jre\bin;C:\Program Files\Zulu\zulu-8-jre\bin;C:\Program Files (x86)\Python38-32\Scripts;C:\Program Files (x86)\Python38-32;D:\Programs\CPLEX12.10\opl\bin\x64_win64;D:\Programs\CPLEX12.10\opl\oplide;D:\Programs\CPLEX12.10\cplex\bin\x64_win64;D:\Programs\CPLEX12.10\cpoptimizer\bin\x64_win64;D:\Programs\CPLEX12.9\opl\bin\x64_win64;D:\Programs\CPLEX12.9\opl\oplide;D:\Programs\CPLEX12.9\cplex\bin\x64_win64;D:\Programs\CPLEX12.9\cpoptimizer\bin\x64_win64;C:\ProgramData\DockerDesktop\version-bin;C:\Program Files\Docker\Docker\Resources\bin;D:\Oracle\Client1\product\12.1.0\client_1\bin;D:\app\oracle2\product\12.2.0\dbhome_1\bin;D:\app\oracle\product\12.2.0\dbhome_1\bin;D:\Programs\XPRESS8.5.10\bin;D:\Programs\XPRESS8.5.10\workbench;C:\Program Files\IBM\ILOG\CPLEX_Studio1263\opl\bin\x64_win64;C:\Program Files\IBM\ILOG\CPLEX_Studio1263\opl\oplide;C:\Program Files\IBM\ILOG\CPLEX_Studio1263\cplex\bin\x64_win64;C:\Program Files\IBM\ILOG\CPLEX_Studio1263\cpoptimizer\bin\x64_win64;D:\Oracle\Server\bin;C:\Program Files (x86)\Common Files\Intel\Shared Libraries\redist\ia32\mpirt;C:\Program Files (x86)\Common Files\Intel\Shared Libraries\redist\ia32\compiler;C:\Program Files (x86)\Common Files\Intel\Shared Files\fortran\bin\ia32;C:\WINDOWS\system32;C:\WINDOWS;C:\WINDOWS\System32\Wbem;C:\WINDOWS\System32\WindowsPowerShell\v1.0;C:\WINDOWS\System32\OpenSSH;C:\WINDOWS\CCM;C:\Program Files (x86)\Plantronics\Spokes3G SDK;C:\Program Files (x86)\Common Files\Siemens\Sys
USERNAME=z0040kue
LD_LIBRARY_PATH=C:\Program Files\Siemens\jROS\bin\server
OS=Windows_NT
PROCESSOR_IDENTIFIER=Intel64 Family 6 Model 158 Stepping 10, GenuineIntel



---------------  S Y S T E M  ---------------

OS: Windows 10 , 64 bit Build 18362 (10.0.18362.1500)
OS uptime: 6 days 6:11 hours

CPU:total 12 (initial active 12) (6 cores per cpu, 2 threads per core) family 6 model 158 stepping 10, cmov, cx8, fxsr, mmx, sse, sse2, sse3, ssse3, sse4.1, sse4.2, popcnt, avx, avx2, aes, clmul, erms, rtm, 3dnowpref, lzcnt, ht, tsc, tscinvbit, bmi1, bmi2, adx, fma

Memory: 4k page, system-wide physical 48998M (30076M free)
TotalPageFile size 56166M (AvailPageFile size 31225M)
current process WorkingSet (physical memory assigned to process): 291M, peak: 303M
current process commit charge ("private bytes"): 340M, peak: 1111M

vm_info: OpenJDK 64-Bit Server VM (11.0.9.1+1-LTS) for windows-amd64 JRE (Zulu11.43+55-CA) (11.0.9.1+1-LTS), built on Nov  5 2020 09:18:55 by "zulu_re" with MS VC++ 15.9 (VS2017)

END.
